<?xml version="1.0" encoding="UTF-8"?>
<testsuite name="com.fxf.leetcode.LinkedListReverse" tests="1" skipped="0" failures="0" errors="0" timestamp="2020-09-14T15:34:28" hostname="bogon" time="0.0">
  <properties/>
  <testcase name="t0" classname="com.fxf.leetcode.LinkedListReverse" time="0.0"/>
  <system-out><![CDATA[]]></system-out>
  <system-err><![CDATA[]]></system-err>
</testsuite>
