<?xml version="1.0" encoding="UTF-8"?>
<testsuite name="com.fxf.leetcode.SortsSet" tests="1" skipped="0" failures="0" errors="0" timestamp="2020-09-14T15:34:28" hostname="bogon" time="0.003">
  <properties/>
  <testcase name="t0" classname="com.fxf.leetcode.SortsSet" time="0.003"/>
  <system-out><![CDATA[12335678]]></system-out>
  <system-err><![CDATA[]]></system-err>
</testsuite>
